#
# There is insufficient memory for the Java Runtime Environment to continue.
# Native memory allocation (mmap) failed to map 125829120 bytes for G1 virtual space
# Possible reasons:
#   The system is out of physical RAM or swap space
#   The process is running with CompressedOops enabled, and the Java Heap may be blocking the growth of the native heap
# Possible solutions:
#   Reduce memory load on the system
#   Increase physical memory or swap space
#   Check if swap backing store is full
#   Decrease Java heap size (-Xmx/-Xms)
#   Decrease number of Java threads
#   Decrease Java thread stack sizes (-Xss)
#   Set larger code cache with -XX:ReservedCodeCacheSize=
#   JVM is running with Unscaled Compressed Oops mode in which the Java heap is
#     placed in the first 4GB address space. The Java Heap base address is the
#     maximum limit for the native heap growth. Please use -XX:HeapBaseMinAddress
#     to set the Java Heap base and to place the Java Heap above 4GB virtual address.
# This output file may be truncated or incomplete.
#
#  Out of Memory Error (os_windows.cpp:3469), pid=19824, tid=24864
#
# JRE version:  (17.0.1+12) (build )
# Java VM: Java HotSpot(TM) 64-Bit Server VM (17.0.1+12-LTS-39, mixed mode, sharing, tiered, compressed oops, compressed class ptrs, g1 gc, windows-amd64)
# No core dump will be written. Minidumps are not enabled by default on client versions of Windows
#

---------------  S U M M A R Y ------------

Command Line: -Dfile.encoding=Cp1252 --module-path=D:\Utilisateurs\herve7\Documents\projet\java\tictac2\bin -XX:+ShowCodeDetailsInExceptionMessages -Djdk.module.main=tictac2 tictac2/tictactoe.Acceuil

Host: AMD Ryzen 5 4500U with Radeon Graphics         , 6 cores, 7G,  Windows 10 , 64 bit Build 19041 (10.0.19041.1706)
Time: Tue Jun 28 16:38:28 2022 Afrique de l, 64 bit Build 19041 (10.0.19041.1706) elapsed time: 0.030578 seconds (0d 0h 0m 0s)

---------------  T H R E A D  ---------------

Current thread (0x000001cb0505bfe0):  JavaThread "Unknown thread" [_thread_in_vm, id=24864, stack(0x000000b1f7200000,0x000000b1f7300000)]

Stack: [0x000000b1f7200000,0x000000b1f7300000]
Native frames: (J=compiled Java code, j=interpreted, Vv=VM code, C=native code)
V  [jvm.dll+0x66fa1a]
V  [jvm.dll+0x7ce5a4]
V  [jvm.dll+0x7cfd4e]
V  [jvm.dll+0x7d03b3]
V  [jvm.dll+0x242b05]
V  [jvm.dll+0x66ca39]
V  [jvm.dll+0x661502]
V  [jvm.dll+0x30081b]
V  [jvm.dll+0x307da6]
V  [jvm.dll+0x357a1e]
V  [jvm.dll+0x357c4f]
V  [jvm.dll+0x2d7ad8]
V  [jvm.dll+0x2d8a44]
V  [jvm.dll+0x7a01e1]
V  [jvm.dll+0x365791]
V  [jvm.dll+0x77f6cc]
V  [jvm.dll+0x3e812f]
V  [jvm.dll+0x3e9bd1]
C  [jli.dll+0x527b]
C  [ucrtbase.dll+0x21bb2]
C  [KERNEL32.DLL+0x17034]
C  [ntdll.dll+0x52651]


---------------  P R O C E S S  ---------------

Threads class SMR info:
_java_thread_list=0x00007fff44407818, length=0, elements={
}

Java Threads: ( => current thread )

Other Threads:
  0x000001cb05098560 GCTaskThread "GC Thread#0" [stack: 0x000000b1f7300000,0x000000b1f7400000] [id=25316]
  0x000001cb050a8fc0 ConcurrentGCThread "G1 Main Marker" [stack: 0x000000b1f7400000,0x000000b1f7500000] [id=22564]
  0x000001cb050aa490 ConcurrentGCThread "G1 Conc#0" [stack: 0x000000b1f7500000,0x000000b1f7600000] [id=6592]

[error occurred during error reporting (printing all threads), id 0xc0000005, EXCEPTION_ACCESS_VIOLATION (0xc0000005) at pc=0x00007fff43c584b7]

VM state: not at safepoint (not fully initialized)

VM Mutex/Monitor currently owned by a thread:  ([mutex/lock_event])
[0x000001cb05059b10] Heap_lock - owner thread: 0x000001cb0505bfe0

Heap address: 0x0000000089800000, size: 1896 MB, Compressed Oops mode: 32-bit

CDS archive(s) mapped at: [0x0000000000000000-0x0000000000000000-0x0000000000000000), size 0, SharedBaseAddress: 0x0000000800000000, ArchiveRelocationMode: 0.
Narrow klass base: 0x0000000000000000, Narrow klass shift: 0, Narrow klass range: 0x0

GC Precious Log:
<Empty>

Heap:
 garbage-first heap   total 0K, used 0K [0x0000000089800000, 0x0000000100000000)
  region size 1024K, 0 young (0K), 0 survivors (0K)

[error occurred during error reporting (printing heap information), id 0xc0000005, EXCEPTION_ACCESS_VIOLATION (0xc0000005) at pc=0x00007fff44038d89]

GC Heap History (0 events):
No events

Deoptimization events (0 events):
No events

Classes unloaded (0 events):
No events

Classes redefined (0 events):
No events

Internal exceptions (0 events):
No events

VM Operations (0 events):
No events

Events (1 events):
Event: 0.022 Loaded shared library C:\Program Files\Java\jdk-17.0.1\bin\java.dll


Dynamic libraries:
0x00007ff661160000 - 0x00007ff661170000 	C:\Program Files\Java\jdk-17.0.1\bin\javaw.exe
0x00007fffae9d0000 - 0x00007fffaebc5000 	C:\WINDOWS\SYSTEM32\ntdll.dll
0x00007fffadd00000 - 0x00007fffaddbd000 	C:\WINDOWS\System32\KERNEL32.DLL
0x00007fffac390000 - 0x00007fffac65d000 	C:\WINDOWS\System32\KERNELBASE.dll
0x0000000063ed0000 - 0x0000000063f7f000 	C:\ProgramData\Symantec\Symantec Endpoint Protection\14.3.5427.3000.105\Data\Sysfer\x64\sysfer.dll
0x00007fffac1f0000 - 0x00007fffac2f0000 	C:\WINDOWS\System32\ucrtbase.dll
0x00007fff992d0000 - 0x00007fff992e8000 	C:\Program Files\Java\jdk-17.0.1\bin\jli.dll
0x00007fffadb80000 - 0x00007fffadc2e000 	C:\WINDOWS\System32\ADVAPI32.dll
0x00007fffad0e0000 - 0x00007fffad17e000 	C:\WINDOWS\System32\msvcrt.dll
0x00007fffacbc0000 - 0x00007fffacc5c000 	C:\WINDOWS\System32\sechost.dll
0x00007fffae260000 - 0x00007fffae385000 	C:\WINDOWS\System32\RPCRT4.dll
0x00007fffaca20000 - 0x00007fffacbc0000 	C:\WINDOWS\System32\USER32.dll
0x00007fffac940000 - 0x00007fffac962000 	C:\WINDOWS\System32\win32u.dll
0x00007fffae0f0000 - 0x00007fffae11a000 	C:\WINDOWS\System32\GDI32.dll
0x00007fffac0e0000 - 0x00007fffac1eb000 	C:\WINDOWS\System32\gdi32full.dll
0x00007fffac6b0000 - 0x00007fffac74d000 	C:\WINDOWS\System32\msvcp_win.dll
0x00007fff62dd0000 - 0x00007fff62dea000 	C:\Program Files\Java\jdk-17.0.1\bin\VCRUNTIME140.dll
0x00007fff91480000 - 0x00007fff9171a000 	C:\WINDOWS\WinSxS\amd64_microsoft.windows.common-controls_6595b64144ccf1df_6.0.19041.1110_none_60b5254171f9507e\COMCTL32.dll
0x00007fffa4410000 - 0x00007fffa441a000 	C:\WINDOWS\SYSTEM32\VERSION.dll
0x00007fffae880000 - 0x00007fffae8b0000 	C:\WINDOWS\System32\IMM32.DLL
0x00007fff82de0000 - 0x00007fff82dec000 	C:\Program Files\Java\jdk-17.0.1\bin\vcruntime140_1.dll
0x00007fff44de0000 - 0x00007fff44e6d000 	C:\Program Files\Java\jdk-17.0.1\bin\msvcp140.dll
0x00007fff43970000 - 0x00007fff4452e000 	C:\Program Files\Java\jdk-17.0.1\bin\server\jvm.dll
0x00007fffad930000 - 0x00007fffad938000 	C:\WINDOWS\System32\PSAPI.DLL
0x00007fff92060000 - 0x00007fff92069000 	C:\WINDOWS\SYSTEM32\WSOCK32.dll
0x00007fffae390000 - 0x00007fffae3fb000 	C:\WINDOWS\System32\WS2_32.dll
0x00007fffa00f0000 - 0x00007fffa0117000 	C:\WINDOWS\SYSTEM32\WINMM.dll
0x00007fffaa960000 - 0x00007fffaa972000 	C:\WINDOWS\SYSTEM32\kernel.appcore.dll
0x00007fff5e4b0000 - 0x00007fff5e4ba000 	C:\Program Files\Java\jdk-17.0.1\bin\jimage.dll
0x00007fffa9d70000 - 0x00007fffa9f54000 	C:\WINDOWS\SYSTEM32\DBGHELP.DLL
0x00007fff8f6f0000 - 0x00007fff8f71c000 	C:\WINDOWS\SYSTEM32\dbgcore.DLL
0x00007fffac750000 - 0x00007fffac7d2000 	C:\WINDOWS\System32\bcryptPrimitives.dll
0x00007fff5e480000 - 0x00007fff5e4a5000 	C:\Program Files\Java\jdk-17.0.1\bin\java.dll

dbghelp: loaded successfully - version: 4.0.5 - missing functions: none
symbol engine: initialized successfully - sym options: 0x614 - pdb path: .;C:\Program Files\Java\jdk-17.0.1\bin;C:\WINDOWS\SYSTEM32;C:\ProgramData\Symantec\Symantec Endpoint Protection\14.3.5427.3000.105\Data\Sysfer\x64;C:\WINDOWS\WinSxS\amd64_microsoft.windows.common-controls_6595b64144ccf1df_6.0.19041.1110_none_60b5254171f9507e;C:\Program Files\Java\jdk-17.0.1\bin\server

VM Arguments:
jvm_args: -Dfile.encoding=Cp1252 --module-path=D:\Utilisateurs\herve7\Documents\projet\java\tictac2\bin -XX:+ShowCodeDetailsInExceptionMessages -Djdk.module.main=tictac2 
java_command: tictac2/tictactoe.Acceuil
java_class_path (initial): .;
Launcher Type: SUN_STANDARD

[Global flags]
     intx CICompilerCount                          = 3                                         {product} {ergonomic}
     uint ConcGCThreads                            = 2                                         {product} {ergonomic}
     uint G1ConcRefinementThreads                  = 6                                         {product} {ergonomic}
   size_t G1HeapRegionSize                         = 1048576                                   {product} {ergonomic}
    uintx GCDrainStackTargetSize                   = 64                                        {product} {ergonomic}
   size_t InitialHeapSize                          = 125829120                                 {product} {ergonomic}
   size_t MarkStackSize                            = 4194304                                   {product} {ergonomic}
   size_t MaxHeapSize                              = 1988100096                                {product} {ergonomic}
   size_t MinHeapDeltaBytes                        = 1048576                                   {product} {ergonomic}
   size_t MinHeapSize                              = 8388608                                   {product} {ergonomic}
    uintx NonNMethodCodeHeapSize                   = 5832780                                {pd product} {ergonomic}
    uintx NonProfiledCodeHeapSize                  = 122912730                              {pd product} {ergonomic}
    uintx ProfiledCodeHeapSize                     = 122912730                              {pd product} {ergonomic}
    uintx ReservedCodeCacheSize                    = 251658240                              {pd product} {ergonomic}
     bool SegmentedCodeCache                       = true                                      {product} {ergonomic}
     bool ShowCodeDetailsInExceptionMessages       = true                                   {manageable} {command line}
   size_t SoftMaxHeapSize                          = 1988100096                             {manageable} {ergonomic}
     bool UseCompressedClassPointers               = true                           {product lp64_product} {ergonomic}
     bool UseCompressedOops                        = true                           {product lp64_product} {ergonomic}
     bool UseG1GC                                  = true                                      {product} {ergonomic}
     bool UseLargePagesIndividualAllocation        = false                                  {pd product} {ergonomic}

Logging:
Log output configuration:
 #0: stdout all=warning uptime,level,tags
 #1: stderr all=off uptime,level,tags

Environment Variables:
JAVA_HOME=C:\Program Files\Java\jdk-17.0.1
CLASSPATH=.;
PATH=C:/Program Files/Java/jdk-17.0.1/bin/server;C:/Program Files/Java/jdk-17.0.1/bin;C:\Program Files\Common Files\Oracle\Java\javapath;C:\Python310\Scripts\;C:\Python310\;C:\Program Files (x86)\Common Files\Oracle\Java\javapath;C:\WINDOWS\system32;C:\WINDOWS;C:\WINDOWS\System32\Wbem;C:\WINDOWS\System32\WindowsPowerShell\v1.0\;C:\WINDOWS\System32\OpenSSH\;C:\ProgramData\chocolatey\bin;C:\Program Files\Git\cmd;C:\ProgramData\chocolatey\lib\maven\apache-maven-3.8.4\bin;C:\wamp64\bin\php\php7.4.26;C:\ProgramData\ComposerSetup\bin;C:\Program Files\Docker\Docker\resources\bin;C:\ProgramData\DockerDesktop\version-bin;C:\Program Files\dotnet\;C:\Program Files\Java\jdk-17.0.1\bin;C:\Android\android-sdk\tools;C:\Android\android-sdk\platform-tools;C:\Android\android-sdk\tools\bin;D:\Utilisateurs\herve7\AppData\Local\Microsoft\WindowsApps;D:\Utilisateurs\herve7\AppData\Local\Programs\Microsoft VS Code\bin;C:\Program Files\heroku\bin;C:\Program Files\OpenSSL-Win64\bin;D:\Utilisateurs\herve7\AppData\Roaming\Composer\vendor\bin;D:\Utilisateurs\herve7\.dotnet\tools;C:\Program Files (x86)\Brackets\;C:\WINDOWS\system32;
USERNAME=herve7
OS=Windows_NT
PROCESSOR_IDENTIFIER=AMD64 Family 23 Model 96 Stepping 1, AuthenticAMD



---------------  S Y S T E M  ---------------

OS:
 Windows 10 , 64 bit Build 19041 (10.0.19041.1706)
OS uptime: 0 days 5:14 hours
Hyper-V role detected

CPU: total 6 (initial active 6) (6 cores per cpu, 1 threads per core) family 23 model 96 stepping 1 microcode 0x0, cx8, cmov, fxsr, mmx, 3dnowpref, sse, sse2, sse3, ssse3, sse4a, sse4.1, sse4.2, popcnt, lzcnt, tsc, tscinvbit, avx, avx2, aes, clmul, bmi1, bmi2, adx, sha, fma, vzeroupper, clflush, clflushopt, hv

Memory: 4k page, system-wide physical 7581M (397M free)
TotalPageFile size 19759M (AvailPageFile size 103M)
current process WorkingSet (physical memory assigned to process): 11M, peak: 11M
current process commit charge ("private bytes"): 56M, peak: 176M

vm_info: Java HotSpot(TM) 64-Bit Server VM (17.0.1+12-LTS-39) for windows-amd64 JRE (17.0.1+12-LTS-39), built on Sep 27 2021 18:41:35 by "mach5one" with MS VC++ 16.8 (VS2019)

END.
